2025-01-25 23:39:00,305 - INFO - Starting API...
2025-01-25 23:40:41,914 - INFO - Starting API...
2025-01-25 23:41:10,806 - INFO - Starting API...
2025-01-25 23:41:32,560 - INFO - Request to index page
2025-01-25 23:41:41,989 - INFO - Request to video-upload page
2025-01-25 23:53:40,420 - INFO - Starting API...
2025-01-25 23:54:38,765 - INFO - {'url': '/upload-videos', 'method': 'GET'}
2025-01-25 23:54:38,765 - INFO - Request to video-upload page
2025-01-25 23:54:51,075 - INFO - {'url': '/', 'method': 'GET'}
2025-01-25 23:54:51,079 - INFO - Request to index page
2025-01-25 23:55:47,423 - INFO - Starting API...
2025-01-25 23:55:49,544 - INFO - {'url': '/', 'method': 'GET'}
2025-01-25 23:57:58,660 - INFO - Starting API...
2025-01-25 23:59:24,583 - INFO - Starting API...
2025-01-25 23:59:40,923 - INFO - Starting API...
2025-01-26 00:03:44,321 - INFO - Starting API...
2025-01-26 00:05:03,996 - INFO - Starting API...
2025-01-26 00:07:30,846 - INFO - {'url': '/', 'method': 'GET'}
2025-01-26 00:09:32,187 - INFO - Starting API...
2025-01-26 00:09:37,931 - INFO - {'url': '/', 'method': 'GET'}
2025-01-26 00:09:46,596 - INFO - Starting API...
2025-01-26 00:11:56,801 - INFO - Starting API...
2025-01-26 00:20:55,932 - INFO - Starting API...
2025-01-26 00:20:57,575 - INFO - {'url': '/', 'method': 'GET'}
2025-01-26 00:21:57,275 - INFO - Starting API...
2025-01-26 00:25:15,034 - INFO - Starting API...
2025-01-26 00:25:22,764 - INFO - Starting API...
2025-01-26 00:25:35,178 - INFO - Starting API...
2025-01-26 00:26:14,701 - INFO - {'url': '/', 'method': 'GET', 'process_time': 0.0}
2025-01-26 00:26:47,685 - INFO - {'url': '/upload-videos', 'method': 'GET', 'process_time': 0.0}
2025-01-26 00:27:16,409 - INFO - Starting API...
2025-01-26 00:27:17,669 - INFO - {'url': '/upload-videos', 'method': 'GET', 'process_time': '0.0'}
2025-01-26 00:27:24,335 - INFO - Starting API...
2025-01-26 00:27:52,262 - INFO - Starting API...
2025-01-26 00:28:23,741 - INFO - Starting API...
2025-01-26 00:28:24,770 - INFO - {'url': '/upload-videos', 'method': 'GET', 'process_time': 0.0}
2025-01-26 00:28:39,809 - INFO - {'url': '/', 'method': 'GET', 'process_time': 0.992384672164917}
2025-01-26 00:28:57,026 - INFO - Starting API...
2025-01-26 00:29:01,135 - INFO - {'url': '/', 'method': 'GET', 'process_time': 1.5053887367248535}
2025-01-26 00:29:35,861 - INFO - {'url': '/', 'method': 'GET', 'process_time': 1.5088870525360107}
2025-01-26 00:29:39,468 - INFO - {'url': '/', 'method': 'GET', 'process_time': 1.5089504718780518}
2025-01-26 00:29:42,990 - INFO - {'url': '/', 'method': 'GET', 'process_time': 1.4962313175201416}
2025-01-26 00:34:32,685 - INFO - Starting API...
2025-01-26 00:36:23,516 - INFO - Starting API...
